<?xml version="1.0" encoding="UTF-8"?>
<testng-results skipped="0" failed="0" ignored="0" total="1" passed="1">
  <reporter-output>
  </reporter-output>
  <suite name="Default suite" duration-ms="27794" started-at="2020-12-18T14:43:59Z" finished-at="2020-12-18T14:44:27Z">
    <groups>
    </groups>
    <test name="Default test" duration-ms="27794" started-at="2020-12-18T14:43:59Z" finished-at="2020-12-18T14:44:27Z">
      <class name="com.comcast.conatcttest.Cretecontact_12">
        <test-method status="PASS" signature="createConatctWithteam()[pri:0, instance:com.comcast.conatcttest.Cretecontact_12@548e7350]" name="createConatctWithteam" duration-ms="27769" started-at="2020-12-18T20:13:59Z" finished-at="2020-12-18T20:14:27Z">
          <reporter-output>
          </reporter-output>
        </test-method> <!-- createConatctWithteam -->
      </class> <!-- com.comcast.conatcttest.Cretecontact_12 -->
    </test> <!-- Default test -->
  </suite> <!-- Default suite -->
</testng-results>
